<?xml version="1.0" encoding="UTF-8"?>
<!-- Generated by org.testng.reporters.JUnitXMLReporter -->
<testsuite ignored="0" hostname="SV-19-QA-006-O" failures="0" tests="4" name="Default test" time="21.453" errors="0" timestamp="02 Feb 2023 07:50:04 GMT">
  <testcase classname="com.qa.REBABudget.tests.LoginPageTest" name="loginPageTitletest" time="0.028"/>
  <testcase classname="com.qa.REBABudget.tests.LoginPageTest" name="loginPageURLtest" time="0.013"/>
  <testcase classname="com.qa.REBABudget.tests.LoginPageTest" name="RememberMeLinkTest" time="4.311"/>
  <testcase classname="com.qa.REBABudget.tests.LoginPageTest" name="doLoginTest" time="10.602"/>
</testsuite> <!-- Default test -->
