<?xml version="1.0" encoding="UTF-8"?>
<!-- Generated by org.testng.reporters.JUnitXMLReporter -->
<testsuite ignored="0" hostname="SV-19-QA-006-O" failures="0" tests="3" name=" Home Page Test" time="28.043" errors="0" timestamp="19 Jan 2023 14:59:24 GMT">
  <testcase classname="com.qa.REBABudget.tests.HomePageTest" name="homePageHeaderTest" time="12.584"/>
  <testcase classname="com.qa.REBABudget.tests.HomePageTest" name="clientNameTest" time="0.046"/>
  <testcase classname="com.qa.REBABudget.tests.HomePageTest" name="goToUsersGroupsPageTest" time="0.901"/>
</testsuite> <!--  Home Page Test -->
