<?xml version="1.0" encoding="UTF-8"?>
<!-- Generated by org.testng.reporters.JUnitXMLReporter -->
<testsuite ignored="0" hostname="SV-19-QA-006-O" failures="0" tests="4" name="Login Page Test" time="18.218" errors="0" timestamp="10 Feb 2023 08:47:54 GMT">
  <testcase classname="com.qa.REBABudget.tests.LoginPageTest" name="loginPageTitletest" time="0.031"/>
  <testcase classname="com.qa.REBABudget.tests.LoginPageTest" name="loginPageURLtest" time="0.009"/>
  <testcase classname="com.qa.REBABudget.tests.LoginPageTest" name="RememberMeLinkTest" time="3.849"/>
  <testcase classname="com.qa.REBABudget.tests.LoginPageTest" name="doLoginTest" time="8.154"/>
</testsuite> <!-- Login Page Test -->
