<?xml version="1.0" encoding="UTF-8"?>
<!-- Generated by org.testng.reporters.JUnitXMLReporter -->
<testsuite ignored="0" hostname="SV-19-QA-006-O" failures="0" tests="5" name="Login User Groups Page Test" time="23.755" errors="0" timestamp="18 Jan 2023 07:10:16 GMT">
  <testcase classname="com.qa.REBABudget.tests.UserGroupsPageTest" name="userGroupsPageHeaderTest" time="0.583"/>
  <testcase classname="com.qa.REBABudget.tests.UserGroupsPageTest" name="createUserGroupsWindowHeaderTest" time="0.165"/>
  <testcase classname="com.qa.REBABudget.tests.UserGroupsPageTest" name="createUserGroupsTest" time="3.446"/>
  <testcase classname="com.qa.REBABudget.tests.UserGroupsPageTest" name="deleteUserGroupTest" time="1.616"/>
  <testcase classname="com.qa.REBABudget.tests.UserGroupsPageTest" name="goToRolesPageTest" time="0.133"/>
</testsuite> <!-- Login User Groups Page Test -->
