<?xml version="1.0" encoding="UTF-8"?>
<!-- Generated by org.testng.reporters.JUnitXMLReporter -->
<testsuite ignored="0" hostname="SV-19-QA-006-O" failures="0" tests="3" name="Login Home Page Test" time="16.496" errors="0" timestamp="18 Jan 2023 07:10:33 GMT">
  <testcase classname="com.qa.REBABudget.tests.HomePageTest" name="homePageHeaderTest" time="5.876"/>
  <testcase classname="com.qa.REBABudget.tests.HomePageTest" name="clientNameTest" time="0.034"/>
  <testcase classname="com.qa.REBABudget.tests.HomePageTest" name="goToUsersGroupsPageTest" time="0.24"/>
</testsuite> <!-- Login Home Page Test -->
