<?xml version="1.0" encoding="UTF-8"?>
<!-- Generated by org.testng.reporters.JUnitXMLReporter -->
<testsuite ignored="0" hostname="SV-19-QA-006-O" failures="0" tests="4" name="Login Page Test" time="50.614" errors="0" timestamp="19 Jan 2023 14:58:56 GMT">
  <testcase classname="com.qa.REBABudget.tests.LoginPageTest" name="loginPageTitletest" time="0.024"/>
  <testcase classname="com.qa.REBABudget.tests.LoginPageTest" name="loginPageURLtest" time="0.014"/>
  <testcase classname="com.qa.REBABudget.tests.LoginPageTest" name="RememberMeLinkTest" time="2.937"/>
  <testcase classname="com.qa.REBABudget.tests.LoginPageTest" name="doLoginTest" time="24.403"/>
</testsuite> <!-- Login Page Test -->
