<?xml version="1.0" encoding="UTF-8"?>
<testng-results ignored="0" total="4" passed="4" failed="0" skipped="0">
  <reporter-output>
  </reporter-output>
  <suite started-at="2023-02-10T08:30:12Z" name="REBA Budget TestNG Suite" finished-at="2023-02-10T08:30:35Z" duration-ms="22699">
    <groups>
    </groups>
    <test started-at="2023-02-10T08:30:12Z" name="Login Page Test" finished-at="2023-02-10T08:30:35Z" duration-ms="22699">
      <class name="com.qa.REBABudget.tests.LoginPageTest">
        <test-method is-config="true" signature="setup()[pri:0, instance:com.qa.REBABudget.tests.LoginPageTest@39dcf4b0]" started-at="2023-02-10T08:30:12Z" name="setup" finished-at="2023-02-10T08:30:24Z" duration-ms="11286" status="PASS">
          <reporter-output>
          </reporter-output>
        </test-method> <!-- setup -->
        <test-method signature="loginPageTitletest()[pri:1, instance:com.qa.REBABudget.tests.LoginPageTest@39dcf4b0]" started-at="2023-02-10T08:30:24Z" name="loginPageTitletest" finished-at="2023-02-10T08:30:24Z" duration-ms="35" status="PASS">
          <reporter-output>
          </reporter-output>
        </test-method> <!-- loginPageTitletest -->
        <test-method signature="loginPageURLtest()[pri:2, instance:com.qa.REBABudget.tests.LoginPageTest@39dcf4b0]" started-at="2023-02-10T08:30:24Z" name="loginPageURLtest" finished-at="2023-02-10T08:30:24Z" duration-ms="10" status="PASS">
          <reporter-output>
          </reporter-output>
        </test-method> <!-- loginPageURLtest -->
        <test-method signature="RememberMeLinkTest()[pri:3, instance:com.qa.REBABudget.tests.LoginPageTest@39dcf4b0]" started-at="2023-02-10T08:30:24Z" name="RememberMeLinkTest" finished-at="2023-02-10T08:30:28Z" duration-ms="3962" status="PASS">
          <reporter-output>
          </reporter-output>
        </test-method> <!-- RememberMeLinkTest -->
        <test-method signature="doLoginTest()[pri:4, instance:com.qa.REBABudget.tests.LoginPageTest@39dcf4b0]" started-at="2023-02-10T08:30:28Z" name="doLoginTest" finished-at="2023-02-10T08:30:35Z" duration-ms="7381" status="PASS">
          <reporter-output>
          </reporter-output>
        </test-method> <!-- doLoginTest -->
        <test-method is-config="true" signature="tearDown()[pri:0, instance:com.qa.REBABudget.tests.LoginPageTest@39dcf4b0]" started-at="2023-02-10T08:30:35Z" name="tearDown" finished-at="2023-02-10T08:30:35Z" duration-ms="0" status="PASS">
          <reporter-output>
          </reporter-output>
        </test-method> <!-- tearDown -->
      </class> <!-- com.qa.REBABudget.tests.LoginPageTest -->
    </test> <!-- Login Page Test -->
  </suite> <!-- REBA Budget TestNG Suite -->
</testng-results>
